#
# An unexpected error has been detected by HotSpot Virtual Machine:
#
#  EXCEPTION_ACCESS_VIOLATION (0xc0000005) at pc=0xe9000230, pid=2000, tid=2244
#
# Java VM: Java HotSpot(TM) Client VM (1.5.0_02-b09 mixed mode, sharing)
# Problematic frame:
# C  0xe9000230
#

---------------  T H R E A D  ---------------

Current thread (0x02c76da8):  JavaThread "AWT-EventQueue-0" [_thread_in_native, id=2244]

siginfo: ExceptionCode=0xc0000005, reading address 0xe9000230

Registers:
EAX=0x031a1a88, EBX=0x0a011328, ECX=0x031a1a88, EDX=0x03071bf9
ESP=0x0486f79c, EBP=0x079cae98, ESI=0x07350d10, EDI=0x03100936
EIP=0xe9000230, EFLAGS=0x00010206

Top of Stack: (sp=0x0486f79c)
0x0486f79c:   0309b763 03100fa4 072a9380 0309be09
0x0486f7ac:   06b90f20 03100fae 03d200e9 06b90f20
0x0486f7bc:   06b90f20 03d2003b 00a4ed38 03daee48
0x0486f7cc:   00002815 00000000 00a4ed38 02c5e890
0x0486f7dc:   0000a054 0486f7f0 77c29cd4 0486f824
0x0486f7ec:   03e141c9 ffffffff 03daea17 0a1fd490
0x0486f7fc:   00a4ed38 07a0ffd8 03e1de24 03073c65
0x0486f80c:   0486f858 0486f858 7c8399f3 7c802608 

Instructions: (pc=0xe9000230)
0xe9000220:   
[error occurred during error reporting, step 100, id 0xc0000005]

Stack: [0x04830000,0x04870000),  sp=0x0486f79c,  free space=253k
Native frames: (J=compiled Java code, j=interpreted, Vv=VM code, C=native code)
C  0xe9000230

Java frames: (J=compiled Java code, j=interpreted, Vv=VM code)
j  vtk.vtkPropPicker.Pick_4(DDDLvtk/vtkRenderer;)I+0
j  vtk.vtkPropPicker.Pick(DDDLvtk/vtkRenderer;)I+7
j  org.simtk.moleculargraphics.Tornado3DCanvas.mouseClicked(Ljava/awt/event/MouseEvent;)V+40
j  java.awt.Component.processMouseEvent(Ljava/awt/event/MouseEvent;)V+74
J  java.awt.Component.processEvent(Ljava/awt/AWTEvent;)V
J  java.awt.Component.dispatchEventImpl(Ljava/awt/AWTEvent;)V
J  java.awt.EventQueue.dispatchEvent(Ljava/awt/AWTEvent;)V
J  java.awt.EventDispatchThread.pumpOneEventForHierarchy(ILjava/awt/Component;)Z
v  ~RuntimeStub::alignment_frame_return Runtime1 stub
j  java.awt.EventDispatchThread.pumpEventsForHierarchy(ILjava/awt/Conditional;Ljava/awt/Component;)V+26
j  java.awt.EventDispatchThread.pumpEvents(ILjava/awt/Conditional;)V+4
j  java.awt.EventDispatchThread.pumpEvents(Ljava/awt/Conditional;)V+3
j  java.awt.EventDispatchThread.run()V+9
v  ~StubRoutines::call_stub

---------------  P R O C E S S  ---------------

Java Threads: ( => current thread )
  0x00a13940 JavaThread "TimerQueue" daemon [_thread_blocked, id=2100]
  0x00355e58 JavaThread "DestroyJavaVM" [_thread_blocked, id=420]
  0x02cb3960 JavaThread "Thread-2" [_thread_blocked, id=352]
=>0x02c76da8 JavaThread "AWT-EventQueue-0" [_thread_in_native, id=2244]
  0x00a2cbc0 JavaThread "AWT-Windows" daemon [_thread_in_native, id=2704]
  0x00a2c7a8 JavaThread "AWT-Shutdown" [_thread_blocked, id=2932]
  0x00a34b48 JavaThread "Java2D Disposer" daemon [_thread_blocked, id=1172]
  0x00a06780 JavaThread "Low Memory Detector" daemon [_thread_blocked, id=2528]
  0x00a05358 JavaThread "CompilerThread0" daemon [_thread_blocked, id=4080]
  0x00a045f0 JavaThread "Signal Dispatcher" daemon [_thread_blocked, id=2788]
  0x00a01930 JavaThread "Finalizer" daemon [_thread_blocked, id=1920]
  0x00a00450 JavaThread "Reference Handler" daemon [_thread_blocked, id=3784]

Other Threads:
  0x009fdbb0 VMThread [id=3068]
  0x00a07990 WatcherThread [id=200]

VM state:not at safepoint (normal execution)

VM Mutex/Monitor currently owned by a thread: None

Heap
 def new generation   total 896K, used 233K [0x22a70000, 0x22b60000, 0x22f50000)
  eden space 832K,  25% used [0x22a70000, 0x22aa4188, 0x22b40000)
  from space 64K,  39% used [0x22b40000, 0x22b46428, 0x22b50000)
  to   space 64K,   0% used [0x22b50000, 0x22b50000, 0x22b60000)
 tenured generation   total 11316K, used 8827K [0x22f50000, 0x23a5d000, 0x26a70000)
   the space 11316K,  78% used [0x22f50000, 0x237eee30, 0x237ef000, 0x23a5d000)
 compacting perm gen  total 8192K, used 1369K [0x26a70000, 0x27270000, 0x2aa70000)
   the space 8192K,  16% used [0x26a70000, 0x26bc6638, 0x26bc6800, 0x27270000)
    ro space 8192K,  62% used [0x2aa70000, 0x2af78018, 0x2af78200, 0x2b270000)
    rw space 12288K,  46% used [0x2b270000, 0x2b7fc620, 0x2b7fc800, 0x2be70000)

Dynamic libraries:
0x00400000 - 0x0040c000 	C:\Program Files\Java\jre1.5.0_02\bin\javaw.exe
0x7c900000 - 0x7c9b0000 	C:\WINDOWS\system32\ntdll.dll
0x7c800000 - 0x7c8f4000 	C:\WINDOWS\system32\kernel32.dll
0x77dd0000 - 0x77e6b000 	C:\WINDOWS\system32\ADVAPI32.dll
0x77e70000 - 0x77f01000 	C:\WINDOWS\system32\RPCRT4.dll
0x77d40000 - 0x77dd0000 	C:\WINDOWS\system32\USER32.dll
0x77f10000 - 0x77f56000 	C:\WINDOWS\system32\GDI32.dll
0x77c10000 - 0x77c68000 	C:\WINDOWS\system32\MSVCRT.dll
0x6d640000 - 0x6d7c5000 	C:\Program Files\Java\jre1.5.0_02\bin\client\jvm.dll
0x76b40000 - 0x76b6d000 	C:\WINDOWS\system32\WINMM.dll
0x6d280000 - 0x6d288000 	C:\Program Files\Java\jre1.5.0_02\bin\hpi.dll
0x76bf0000 - 0x76bfb000 	C:\WINDOWS\system32\PSAPI.DLL
0x6d610000 - 0x6d61c000 	C:\Program Files\Java\jre1.5.0_02\bin\verify.dll
0x6d300000 - 0x6d31d000 	C:\Program Files\Java\jre1.5.0_02\bin\java.dll
0x6d630000 - 0x6d63f000 	C:\Program Files\Java\jre1.5.0_02\bin\zip.dll
0x6d000000 - 0x6d166000 	C:\Program Files\Java\jre1.5.0_02\bin\awt.dll
0x73000000 - 0x73026000 	C:\WINDOWS\system32\WINSPOOL.DRV
0x76390000 - 0x763ad000 	C:\WINDOWS\system32\IMM32.dll
0x774e0000 - 0x7761d000 	C:\WINDOWS\system32\ole32.dll
0x5ad70000 - 0x5ada8000 	C:\WINDOWS\system32\uxtheme.dll
0x73760000 - 0x737a9000 	C:\WINDOWS\system32\ddraw.dll
0x73bc0000 - 0x73bc6000 	C:\WINDOWS\system32\DCIMAN32.dll
0x73940000 - 0x73a10000 	C:\WINDOWS\system32\D3DIM700.DLL
0x6d240000 - 0x6d27d000 	C:\Program Files\Java\jre1.5.0_02\bin\fontmanager.dll
0x10000000 - 0x10007000 	C:\Program Files\Logitech\MouseWare\System\LgWndHk.dll
0x7c9c0000 - 0x7d1d4000 	C:\WINDOWS\system32\shell32.dll
0x77f60000 - 0x77fd6000 	C:\WINDOWS\system32\SHLWAPI.dll
0x773d0000 - 0x774d2000 	C:\WINDOWS\WinSxS\x86_Microsoft.Windows.Common-Controls_6595b64144ccf1df_6.0.2600.2180_x-ww_a84f1ff9\comctl32.dll
0x5d090000 - 0x5d127000 	C:\WINDOWS\system32\comctl32.dll
0x02fd0000 - 0x03068000 	C:\Program Files\vtk42\bin\vtkCommonJava.dll
0x03070000 - 0x0323e000 	C:\Program Files\vtk42\bin\vtkCommon.dll
0x03240000 - 0x03251000 	C:\WINDOWS\system32\MSVCIRT.dll
0x76080000 - 0x760e5000 	C:\WINDOWS\system32\MSVCP60.dll
0x03260000 - 0x03282000 	C:\Program Files\vtk42\bin\vtkFilteringJava.dll
0x03290000 - 0x03301000 	C:\Program Files\vtk42\bin\vtkFiltering.dll
0x03310000 - 0x0334f000 	C:\Program Files\vtk42\bin\vtkIOJava.dll
0x03350000 - 0x0352f000 	C:\Program Files\vtk42\bin\vtkIO.dll
0x03530000 - 0x03552000 	C:\Program Files\vtk42\bin\vtkpng.dll
0x03560000 - 0x03573000 	C:\Program Files\vtk42\bin\vtkzlib.dll
0x03580000 - 0x035a2000 	C:\Program Files\vtk42\bin\vtkjpeg.dll
0x035b0000 - 0x035fe000 	C:\Program Files\vtk42\bin\vtktiff.dll
0x03600000 - 0x03623000 	C:\Program Files\vtk42\bin\vtkexpat.dll
0x03630000 - 0x0367a000 	C:\Program Files\vtk42\bin\vtkImagingJava.dll
0x03790000 - 0x039f1000 	C:\Program Files\vtk42\bin\vtkImaging.dll
0x03680000 - 0x0370f000 	C:\Program Files\vtk42\bin\vtkGraphicsJava.dll
0x03a00000 - 0x03c7b000 	C:\Program Files\vtk42\bin\vtkGraphics.dll
0x03c80000 - 0x03cf1000 	C:\Program Files\vtk42\bin\vtkRenderingJava.dll
0x03d00000 - 0x03f3e000 	C:\Program Files\vtk42\bin\vtkRendering.dll
0x5ed00000 - 0x5edcc000 	C:\WINDOWS\system32\OPENGL32.dll
0x68b20000 - 0x68b40000 	C:\WINDOWS\system32\GLU32.dll
0x03710000 - 0x03721000 	C:\Program Files\vtk42\bin\vtkftgl.dll
0x03730000 - 0x0377d000 	C:\Program Files\vtk42\bin\vtkfreetype.dll
0x6d360000 - 0x6d366000 	C:\Program Files\Java\jre1.5.0_02\bin\jawt.dll
0x04670000 - 0x046b6000 	C:\Program Files\vtk42\bin\vtkHybridJava.dll
0x046c0000 - 0x04830000 	C:\Program Files\vtk42\bin\vtkHybrid.dll
0x04870000 - 0x04877000 	C:\Program Files\Logitech\iTouch\iTchHk.dll
0x6d4c0000 - 0x6d4d3000 	C:\Program Files\Java\jre1.5.0_02\bin\net.dll
0x71ab0000 - 0x71ac7000 	C:\WINDOWS\system32\WS2_32.dll
0x71aa0000 - 0x71aa8000 	C:\WINDOWS\system32\WS2HELP.dll
0x6d4e0000 - 0x6d4e9000 	C:\Program Files\Java\jre1.5.0_02\bin\nio.dll
0x04880000 - 0x0489c000 	c:\progra~1\mcafee.com\vso\McVSSkt.dll
0x048b0000 - 0x048ce000 	C:\Program Files\Common Files\Logitech\Scrolling\LgMsgHk.dll
0x69500000 - 0x69a35000 	C:\WINDOWS\system32\nvoglnt.dll
0x5b860000 - 0x5b8b4000 	C:\WINDOWS\system32\netapi32.dll
0x71b20000 - 0x71b32000 	C:\WINDOWS\system32\MPR.dll
0x75f60000 - 0x75f67000 	C:\WINDOWS\System32\drprov.dll
0x71c10000 - 0x71c1e000 	C:\WINDOWS\System32\ntlanman.dll
0x71cd0000 - 0x71ce7000 	C:\WINDOWS\System32\NETUI0.dll
0x71c90000 - 0x71cd0000 	C:\WINDOWS\System32\NETUI1.dll
0x71c80000 - 0x71c87000 	C:\WINDOWS\System32\NETRAP.dll
0x71bf0000 - 0x71c03000 	C:\WINDOWS\System32\SAMLIB.dll
0x75f70000 - 0x75f79000 	C:\WINDOWS\System32\davclnt.dll
0x77920000 - 0x77a13000 	C:\WINDOWS\system32\SETUPAPI.dll
0x77b40000 - 0x77b62000 	C:\WINDOWS\system32\appHelp.dll
0x76fd0000 - 0x7704f000 	C:\WINDOWS\system32\CLBCATQ.DLL
0x77120000 - 0x771ac000 	C:\WINDOWS\system32\OLEAUT32.dll
0x77050000 - 0x77115000 	C:\WINDOWS\system32\COMRes.dll
0x77c00000 - 0x77c08000 	C:\WINDOWS\system32\VERSION.dll
0x76980000 - 0x76988000 	C:\WINDOWS\system32\LINKINFO.dll
0x76990000 - 0x769b5000 	C:\WINDOWS\system32\ntshrui.dll
0x76b20000 - 0x76b31000 	C:\WINDOWS\system32\ATL.DLL
0x769c0000 - 0x76a73000 	C:\WINDOWS\system32\USERENV.dll

VM Arguments:
java_command: org.simtk.moleculargraphics.Tornado

Environment Variables:
PATH=C:\PROGRA~1\CMake20\bin;C:\Program Files\vtk42\bin;C:\cygwin\bin;C:\WINDOWS\system32;C:\WINDOWS;C:\WINDOWS\System32\Wbem;C:\PROGRA~1\Tcl\bin;C:\Program Files\doxygen\bin;C:\Program Files\Common Files\GTK\2.0\bin
USERNAME=Christopher Bruns
OS=Windows_NT
PROCESSOR_IDENTIFIER=x86 Family 6 Model 13 Stepping 8, GenuineIntel


---------------  S Y S T E M  ---------------

OS: Windows XP Build 2600 Service Pack 2

CPU:total 1 family 6, cmov, cx8, fxsr, mmx, sse, sse2

Memory: 4k page, physical 2096536k(1465720k free), swap 2726096k(2273100k free)

vm_info: Java HotSpot(TM) Client VM (1.5.0_02-b09) for windows-x86, built on Mar  4 2005 01:53:53 by "java_re" with MS VC++ 6.0

